<?xml version="1.0" encoding="UTF-8"?>
<!-- Generated by org.testng.reporters.JUnitReportReporter -->
<testsuite skipped="0" hostname="DESKTOP-D1LENOH" name="TestClass" tests="1" failures="0" timestamp="11 Jul 2023 09:55:49 GMT" time="0.042" errors="0">
  <testcase name="main" time="0.042" classname="TestClass"/>
</testsuite> <!-- TestClass -->
